         w _ITM_deregisterTMCloneTable
         w _ITM_registerTMCloneTable
         w __deregister_frame_info
         w __register_frame_info
00000000 b .LANCHOR1
00000000 b _TLS_MODULE_BASE_
00000000 00000401 b __fixedpath
00000000 a shift
00000000 a shift
00000404 b .LANCHOR3
00000404 00000802 b __utf16path
00000c08 b .LANCHOR5
00000c08 00000802 b __utf16path_old.8583
00100000 A __start__
00100000 T _start
00100008 T __service_ptr
0010000c T __apt_appid
00100010 T __heap_size
00100014 T __linear_heap_size
00100018 T __system_arglist
0010001c T __system_runflags
00100020 t startup
00100058 t ClearMem
0010006c t ClrLoop
00100094 T _init
001000ac T initSystem
001000f0 T __ctru_exit
00100110 T __aeabi_idiv
00100110 00000220 T __divsi3
00100118 t .divsi3_skip_div0_test
00100330 00000020 T __aeabi_idivmod
00100350 00000004 W __aeabi_idiv0
00100350 00000004 W __aeabi_ldiv0
00100354 T __aeabi_uldivmod
001003a8 00000390 T strcmp
00100730 t .udivsi3_skip_div0_test
00100730 T __aeabi_uidiv
00100730 000001ec T __udivsi3
0010091c 00000020 T __aeabi_uidivmod
0010093c T __aeabi_drsub
00100944 000002b0 T __aeabi_dsub
00100944 000002b0 T __subdf3
00100948 000002ac T __adddf3
00100948 000002ac T __aeabi_dadd
00100bf4 00000024 T __aeabi_ui2d
00100bf4 00000024 T __floatunsidf
00100c18 00000028 T __aeabi_i2d
00100c18 00000028 T __floatsidf
00100c40 00000048 T __aeabi_f2d
00100c40 00000048 T __extendsfdf2
00100c88 00000074 T __aeabi_ul2d
00100c88 00000074 T __floatundidf
00100c9c 00000060 T __aeabi_l2d
00100c9c 00000060 T __floatdidf
00100cfc t deregister_tm_clones
00100d28 t register_tm_clones
00100d60 t __do_global_dtors_aux
00100da4 t frame_dummy
00100dd8 00000194 T main
00100f6c 000001b8 T consoleDrawChar
00101124 00000124 T consolePrintChar
00101248 0000015c t consoleCls
001013a4 00000104 T consoleInit
001014a8 0000010c t consoleClearLine
001015b4 000000c4 t newRow
00101678 000007cc T con_write
00101e44 0000008c t gfxSetFramebufferInfo.part.0
00101ed0 0000006c t gfxSetFramebufferInfo
00101f3c 00000058 t gfxGetFramebuffer.part.0
00101f94 00000018 T __get_bytes_per_pixel
00101fac 00000184 T gfxSetScreenFormat
00102130 00000010 T gfxSetDoubleBuffering
00102140 00000214 T gfxInit
00102354 00000010 T gfxInitDefault
00102364 000000e0 T gfxExit
00102444 00000064 T gfxGetFramebuffer
001024a8 000000cc T gfxFlushBuffers
00102574 000000f4 T gfxConfigScreen
00102668 00000020 T gfxSwapBuffers
00102688 00000020 T gfxSwapBuffersGpu
001026a8 00000074 T gspInit
0010271c 0000003c T gspExit
00102758 000000a4 T gspInitEventHandler
001027fc 00000040 T gspExitEventHandler
0010283c 00000050 T gspWaitForEvent
0010288c 00000004 W gxCmdQueueInterrupt
00102890 00000178 t gspEventThreadMain
00102a08 0000006c T GSPGPU_SetBufferSwap
00102a74 0000004c T GSPGPU_FlushDataCache
00102ac0 00000034 T GSPGPU_SetLcdForceBlack
00102af4 00000064 T GSPGPU_RegisterInterruptRelayQueue
00102b58 0000002c T GSPGPU_UnregisterInterruptRelayQueue
00102b84 00000048 T GSPGPU_AcquireRight
00102bcc 0000002c T GSPGPU_ReleaseRight
00102bf8 00000080 T GSPGPU_ImportDisplayCaptureInfo
00102c78 0000002c T GSPGPU_SaveVramSysArea
00102ca4 0000002c T GSPGPU_RestoreVramSysArea
00102cd0 00000004 W _aptDebug
00102cd4 00000170 T aptSendCommand
00102e44 0000003c t aptExitProcess
00102e80 00000050 T APT_InquireNotification
00102ed0 00000194 t aptEventHandler
00103064 00000074 T APT_AppletUtility
001030d8 000000b0 T aptSetSleepAllowed
00103188 000000b4 T APT_GlanceParameter
0010323c 000000c8 T APT_ReceiveParameter
00103304 000000bc t aptReceiveParameter.constprop.0
001033c0 000001e0 t aptScreenTransfer
001035a0 00000210 t aptWaitForWakeUp
001037b0 00000070 T APT_CancelParameter
00103820 0000025c T aptInit
00103a7c 00000088 t aptClearParamQueue
00103b04 00000264 T aptMainLoop
00103d68 00000254 T aptExit
00103fbc 0000007c T APT_CheckNew3DS
00104038 00000028 t hidCheckSectionUpdateTime.part.0
00104060 000000d0 T hidExit
00104130 000001d8 T hidScanInput
00104308 00000010 T hidKeysDown
00104318 00000018 T hidTouchRead
00104330 00000090 T HIDUSER_GetHandles
001043c0 000001a4 T hidInit
00104564 00000038 W __libctru_init
0010459c 00000034 t __libctru_nanosleep
001045d0 00000030 t __ctru_get_reent
00104600 000000fc T __system_initSyscalls
001046fc 00000100 W __system_allocateHeaps
001047fc 000000f0 T __system_initArgv
001048ec T svcControlMemory
0010490c T svcExitProcess
00104914 T svcCreateThread
00104934 T svcExitThread
0010493c T svcSleepThread
00104944 T svcReleaseMutex
0010494c T svcCreateEvent
00104960 T svcSignalEvent
00104968 T svcClearEvent
00104970 T svcMapMemoryBlock
00104978 T svcUnmapMemoryBlock
00104980 T svcCreateAddressArbiter
00104994 T svcArbitrateAddress
001049ac T svcCloseHandle
001049b4 T svcWaitSynchronization
001049bc T svcWaitSynchronizationN
001049e4 T svcDuplicateHandle
001049f8 T svcGetSystemTick
00104a00 T svcGetSystemInfo
00104a18 T svcConnectToPort
00104a2c T svcSendSyncRequest
00104a34 T svcBreak
00104a3c 00000024 t addrMapNodeComparator(rbtree_node const*, rbtree_node const*)
00104a60 00000004 t addrMapNodeDestructor(rbtree_node*)
00104a64 00000114 T vramMemAlign
00104b78 00000008 T vramAlloc
00104b80 00000054 T vramFree
00104bd4 00000024 t addrMapNodeComparator(rbtree_node const*, rbtree_node const*)
00104bf8 00000004 t addrMapNodeDestructor(rbtree_node*)
00104bfc 000000e8 T mappableAlloc
00104ce4 00000054 T mappableFree
00104d38 00000024 t addrMapNodeComparator(rbtree_node const*, rbtree_node const*)
00104d5c 00000004 t addrMapNodeDestructor(rbtree_node*)
00104d60 00000124 T linearMemAlign
00104e84 00000008 T linearAlloc
00104e8c 00000054 T linearFree
00104ee0 0000008c T MemPool::CoalesceRight(MemBlock*)
00104f6c 00000174 T MemPool::Allocate(MemChunk&, unsigned long, int)
001050e0 000000fc T MemPool::Deallocate(MemChunk const&)
001051dc 00000038 t LightLock_Unlock.part.0
00105214 0000000c T __sync_init
00105220 00000018 T __sync_fini
00105238 00000010 T __sync_get_arbiter
00105248 00000018 T LightLock_Init
00105260 00000090 T LightLock_Lock
001052f0 00000034 T LightLock_TryLock
00105324 00000020 T LightLock_Unlock
00105344 00000024 T RecursiveLock_Init
00105368 00000030 T RecursiveLock_Lock
00105398 00000058 T RecursiveLock_TryLock
001053f0 00000038 T RecursiveLock_Unlock
00105428 00000038 T LightEvent_Init
00105460 0000007c T LightEvent_Clear
001054dc 000000dc T LightEvent_Signal
001055b8 000000c0 T LightEvent_Wait
00105678 00000058 t getSysTime
001056d0 00000028 t __ctru_speedup_config.part.0
001056f8 00000024 T osGetMemRegionUsed
00105720 00000128 T __libctru_gtod
00105848 00000018 T __ctru_speedup_config
00105860 00000058 T srvExit
001058b8 00000038 T srvRegisterClient
001058f0 000000cc T srvInit
001059bc 00000080 T srvGetServiceHandleDirect
00105a3c 00000048 T srvGetServiceHandle
00105a84 0000001c t threadFree.part.0
00105aa0 00000180 T threadCreate
00105c20 00000024 T threadJoin
00105c44 00000068 T threadExit
00105cac 00000048 t _thread_begin
00105cf4 000000ac T irrstScanInput
00105da0 00000024 T irrstKeysHeld
00105dc4 00000050 T IRRST_GetHandles
00105e14 00000154 T irrstInit
00105f68 0000002c T IRRST_Shutdown
00105f94 000000ac T irrstExit
00106040 0000000c T srvPmGetSessionHandle
0010604c 00000074 T ptmSysmInit
001060c0 0000003c T ptmSysmExit
001060fc 00000034 T PTMSYSM_ConfigureNew3DSCPU
00106130 00000014 T rbtree_init
00106144 000001a4 t do_insert
001062e8 00000008 T rbtree_insert
001062f0 00000090 T rbtree_rotate
00106380 00000334 T rbtree_remove
001066b4 00000074 T rbtree_find
00106728 0000001c W __appInit
00106744 0000001c W __appExit
00106760 000000a0 W __libctru_exit
00106800 00000084 T envGetHandle
00106884 0000004c T envDestroyHandles
001068d0 00000014 t sdmc_link
001068e4 00000014 t sdmc_dirreset
001068f8 00000014 t sdmc_chmod
0010690c 00000024 t error_cmp
00106930 00000050 t sdmc_translate_error
00106980 00000034 t sdmc_fsync
001069b4 00000054 t sdmc_ftruncate
00106a08 000000bc t sdmc_statvfs
00106ac4 00000038 t sdmc_dirclose
00106afc 0000013c t sdmc_dirnext
00106c38 00000034 t sdmc_close
00106c6c 00000070 t sdmc_fstat
00106cdc 000000d4 t sdmc_seek
00106db0 00000078 t sdmc_read
00106e28 000000ac t sdmc_write
00106ed4 000001b0 t sdmc_utf16path
00107084 00000074 t sdmc_rmdir
001070f8 000000a4 t sdmc_diropen
0010719c 000000ac t sdmc_chdir
00107248 00000098 t sdmc_mkdir
001072e0 00000108 t sdmc_rename
001073e8 00000074 t sdmc_unlink
0010745c 00000108 t sdmc_stat
00107564 00000198 t sdmc_open
001076fc 00000014 t sdmc_fchmod
00107710 00000168 T sdmcInit
00107878 00000060 T sdmcExit
001078d8 00000028 t fsSessionForArchive.part.0
00107900 000000c4 T fsInit
001079c4 0000003c T fsExit
00107a00 00000064 T fsExemptFromSession
00107a64 0000005c T fsUnexemptFromSession
00107ac0 000000bc T FSUSER_OpenFile
00107b7c 000000ac T FSUSER_DeleteFile
00107c28 000000e8 T FSUSER_RenameFile
00107d10 000000ac T FSUSER_DeleteDirectory
00107dbc 000000c4 T FSUSER_CreateFile
00107e80 000000b4 T FSUSER_CreateDirectory
00107f34 000000e8 T FSUSER_RenameDirectory
0010801c 000000a0 T FSUSER_OpenDirectory
001080bc 00000098 T FSUSER_OpenArchive
00108154 00000078 T FSUSER_CloseArchive
001081cc 00000078 T FSUSER_GetSdmcArchiveResource
00108244 00000064 T FSUSER_IsSdmcWritable
001082a8 0000005c T FSFILE_Read
00108304 00000064 T FSFILE_Write
00108368 00000038 T FSFILE_GetSize
001083a0 00000028 T FSFILE_SetSize
001083c8 0000003c T FSFILE_Close
00108404 00000024 T FSFILE_Flush
00108428 00000054 T FSDIR_Read
0010847c 0000003c T FSDIR_Close
001084b8 00000050 T rbtree_node_next
00108508 000000e8 T utf16_to_utf8
001085f0 00000060 T decode_utf16
00108650 00000138 T decode_utf8
00108788 000000c0 T utf8_to_utf16
00108848 T __aeabi_read_tp
00108854 00000068 T encode_utf16
001088bc 00000104 T encode_utf8
001089c0 00000038 T __aeabi_d2lz
001089c0 00000038 T __fixdfdi
001089f8 00000040 T __aeabi_d2ulz
001089f8 00000040 T __fixunsdfdi
00108a38 00000130 T __udivmoddi4
00108b68 0000007c T bsearch
00108be4 00000034 T exit
00108c18 0000003c T __libc_fini_array
00108c54 0000007c T __libc_init_array
00108cd0 00000028 T memalign
00108cf8 0000014c T _memalign_r
00108e44 00000020 T malloc
00108e64 00000020 T free
00108e84 000007d0 T _malloc_r
00109654 000000e0 T memchr
00109734 00000120 T memcpy
00109854 00000118 T memset
0010996c 0000000c T __malloc_lock
00109978 0000000c T __malloc_unlock
00109984 00000034 T printf
001099b8 00000024 T putchar
001099dc 000000dc T _putc_r
00109ab8 000000e0 T _puts_r
00109b98 00000020 T puts
00109bb8 00000260 T setvbuf
00109e18 00000074 T sscanf
00109e8c 0000003c T __sread
00109ec8 00000008 T __seofread
00109ed0 00000068 T __swrite
00109f38 00000058 T __sseek
00109f90 00000008 T __sclose
00109f98 0000005c T strlen
00109ff4 00000098 T strncat
0010a08c 000000c0 T strncpy
0010a14c 00000048 T strnlen
0010a194 00000048 t get_arg
0010a1dc 00002b84 T __ssvfscanf_r
0010cd60 00000034 T __sprint_r
0010cd94 00000650 t get_arg
0010d3e8 000038e0 T _vfprintf_r
00110cc8 000000d4 t __sbprintf
00110d9c 00000108 T __swbuf_r
00110ea4 00000054 T _wcrtomb_r
00110ef8 00000020 T _wcsrtombs_r
00110f18 00000150 T __swsetup_r
00111068 00000118 T __call_exitprocs
00111180 000001a8 t quorem
00111328 000012ac T _dtoa_r
001125d4 00000278 T __sflush_r
0011284c 00000094 T _fflush_r
001128e0 00000078 t std
00112958 0000000c T _cleanup_r
00112964 0000008c T __sinit
001129f0 0000000c T __sfp_lock_acquire
001129fc 0000000c T __sfp_lock_release
00112a08 000000f8 T _malloc_trim_r
00112b00 000002e8 T _free_r
00112de8 000004a4 T __sfvwrite_r
0011328c 00000070 T _fwalk_reent
001132fc 00000008 T iswspace
00113304 0000000c T _localeconv_r
00113310 00000010 T __locale_mb_cur_max
00113320 00000094 T __swhatbuf_r
001133b4 000000f8 T __smakebuf_r
001134ac 00000060 T _mbrtowc_r
0011350c 000002fc T __utf8_mbtowc
00113808 00000154 T memmove
0011395c 00000088 T _Balloc
001139e4 0000001c T _Bfree
00113a00 000000d0 T __multadd
00113ad0 000000ec T __s2b
00113bbc 00000058 T __hi0bits
00113c14 0000009c T __lo0bits
00113cb0 00000020 T __i2b
00113cd0 000001e0 T __multiply
00113eb0 00000100 T __pow5mult
00113fb0 00000114 T __lshift
001140c4 00000058 T __mcmp
0011411c 00000190 T __mdiff
001142ac 00000088 T __ulp
00114334 000000d4 T __b2d
00114408 00000104 T __d2b
0011450c 00000084 T __ratio
00114590 0000006c T __copybits
001145fc 0000005c T __any_on
00114658 00000028 T realloc
00114680 000004bc T _realloc_r
00114b3c 000000e8 T __sccl
00114c24 0000000c T nanf
00114c30 000000a8 T frexp
00114cd8 00000064 T sprintf
00114d3c 000000b8 T stpncpy
00114df4 00000144 T strchr
00114f38 000000ec T strncmp
00115024 00000054 t sulp
00115078 00001414 T _strtod_l
0011648c 0000000c T _strtod_r
00116498 0000023c t _strtoll_l.isra.0
001166d4 00000004 T _strtoll_r
001166d8 000001b4 t _strtol_l.isra.0
0011688c 00000004 T _strtol_r
00116890 0000024c t _strtoull_l.isra.0
00116adc 00000004 T _strtoull_r
00116ae0 000001c8 t _strtoul_l.isra.0
00116ca8 00000004 T _strtoul_r
00116cac 00000188 T __ssprint_r
00116e34 000000e0 T _sungetc_r
00116f14 0000006c T __ssrefill_r
00116f80 000000c8 T _sfread_r
00117048 00000650 t get_arg
00117698 00003814 T _svfprintf_r
0011aeac 000000a8 T __submore
0011af54 00000190 T _wcsnrtombs_l
0011b0e4 00000048 T _wcsnrtombs_r
0011b12c 000000f0 T __utf8_wctomb
0011b21c 00000094 T _calloc_r
0011b2b0 00000160 T _fclose_r
0011b410 000000ec t rshift
0011b4fc 00000828 T __gethex
0011bd24 00000060 T __match
0011bd84 0000028c T __hexnan
0011c010 0000003c T iswspace_l
0011c04c 000001e0 t __jp2uc
0011c22c 00000094 T _jp2uc_l
0011c2c0 00000010 T nan
0011c2d0 00000088 T category
0011c358 00000008 t null_write
0011c360 00000018 T setDefaultDevice
0011c378 000000c8 T FindDevice
0011c440 00000028 T RemoveDevice
0011c468 0000009c T AddDevice
0011c504 00000078 T _fstat_r
0011c57c 00000008 T _isatty_r
0011c584 00000084 T _lseek_r
0011c608 00000080 T _read_r
0011c688 00000078 T _sbrk_r
0011c700 00000080 T _write_r
0011c780 00000024 T _exit
0011c7a4 000001bc T _concatenate_path
0011c960 0000015c T chdir
0011cabc 00000008 T __flockfile
0011cac4 00000008 T __funlockfile
0011cacc 00000018 T __libc_lock_acquire
0011cae4 00000018 T __libc_lock_release
0011cafc 00000018 T __libc_lock_init_recursive
0011cb14 00000018 T __libc_lock_acquire_recursive
0011cb2c 00000018 T __libc_lock_release_recursive
0011cb44 00000018 T __libc_lock_close_recursive
0011cb5c 0000003c T __get_handle
0011cb98 000000f8 T _close_r
0011cc90 00000028 T __getreent
0011ccb8 00000044 T strrchr
0011ccfc T _fini
0011d000 R default_font_bin
0011d800 R default_font_bin_end
0011d800 R default_font_bin_size
0011d96c 00000030 r colorTable
0011d99c 00000070 r dotab_stdout
0011da0c 00000014 r CSWTCH.62
0011da20 00000008 r framebufferInfoSt
0011da90 00000030 r error_table
0011dac8 00000004 R _global_impure_ptr
0011dad4 00000022 r basefix.8820
0011db34 00000010 r blanks.8791
0011db44 00000010 r zeroes.8792
0011db54 00000101 R _ctype_
0011dc68 r .LC2
0011dcb8 00000028 R __mprec_bigtens
0011dce0 000000c8 R __mprec_tens
0011dda8 0000000c r p05.7510
0011ddc4 00000014 r fpi.7590
0011ddd8 00000014 r fpinan.7626
0011ddf0 00000028 r tinytens
0011de18 0000006c R __action_table
0011de84 00000100 R __chclass
0011df84 0000006c R __state_table
0011dff0 00000010 r blanks.8776
0011e000 00000010 r zeroes.8777
0011e010 00000100 R __hexdig
0011e124 000000bc r a1
0011e1e0 000000bc r a2
0011e29c 0000005b r a3
0011e2f8 00000070 r a6
0011e368 000000a2 r a7
0011e40c 00000040 r a8
0011e44c 0000172a r b02cf
0011fb78 00001a7c r d02f4
001215f4 0000000c R _C_numeric_locale
00121600 0000309c r categories
001246a4 00000070 R dotab_stdnull
00124714 r 
00124714 R __exidx_end
00124714 R __exidx_start
00125000 W __stacksize__
00125004 00000004 D currentConsole
00125008 0000004c D defaultConsole
00125054 00000001 d firstConsoleInit.8429
00125055 00000001 d botFormat
00125058 00000008 d doubleBuf
00125060 00000001 d topFormat
00125064 00000004 d gspLastEvent
00125068 00000004 d aptFlags
0012506c 00000001 d aptHomeAllowed
00125070 00000004 V __ctru_linear_heap_size
00125074 00000401 d __cwd
00125478 00000070 d sdmc_devoptab
001254e8 00000004 D _impure_ptr
001254f0 00000460 d impure_data
00125950 00000408 D __malloc_av_
00125d58 00000004 D __malloc_sbrk_base
00125d5c 00000004 D __malloc_trim_threshold
00125d60 0000000c d __malloc_recursive_mutex
00125d6c 0000000c D __atexit_recursive_mutex
00125d78 0000000c d __sfp_recursive_mutex
00125d84 0000000c d __sinit_recursive_mutex
00125d90 0000016c D __global_locale
00125efc 00000002 d numempty
00125f00 00000004 d defaultDevice
00125f04 0000008c D devoptab_list
00125f90 00000400 d _current_working_directory
00126390 00000004 d __hndl_lock
00126394 0000000c d __stderr_handle
001263a0 0000000c d __stdin_handle
001263ac 0000000c d __stdout_handle
001263b8 00001000 d handles
001273b8 D __TMC_END__
001273b8 d __TMC_LIST__
001273b8 t __frame_dummy_init_array_entry
001273b8 T __init_array_start
001273b8 B __preinit_array_end
001273b8 B __preinit_array_start
001273b8 D __tdata_lma
001273b8 D __tdata_lma_end
001273bc t __do_global_dtors_aux_fini_array_entry
001273bc T __fini_array_start
001273bc T __init_array_end
001273c0 T __bss_start__
001273c0 T __fini_array_end
001273c0 b saved_stack
001273c8 b completed.10434
001273cc b object.10439
001273e4 00000002 b currentBuffer
001273e6 00000001 b enable3d
001273e8 00000004 b screenAlloc
001273ec 00000004 b screenFree
001273f0 00000004 b gspEvent
001273f4 0000001c b gspEventCb
00127410 0000001c b gspEventCbData
0012742c 00000007 b gspEventCbOneShot
00127434 0000001c b gspEventCounts
00127450 00000004 b gspEventData
00127454 00000004 b gspEventThread
00127458 00000038 b gspEvents
00127490 00000004 b gspRefCount
00127494 00000001 b gspRunEvents
00127495 00000001 b aptChainloadMediatype
00127498 00000008 b aptChainloadTid
001274a0 00000004 b aptEventHandlerThread
001274a4 0000000c b aptEvents
001274b0 0000000c b aptFirstHook
001274bc 00000001 b aptHomeButtonState
001274c0 00000004 b aptLockHandle
001274c4 00000004 b aptMessageFunc
001274c8 00000004 b aptMessageFuncData
001274cc 00001000 b aptParameters
001284cc 00000001 b aptRecentHomeButtonState
001284d0 00000004 b aptRefCount
001284d4 00000008 b aptSleepEvent
001284dc 00000001 b flagInit.8300
001284dd 00000001 b flagValue.8301
001284e0 00000004 b serviceName.7930
001284e4 00000006 b aVec
001284ec 00000004 b cPos
001284f0 00000006 b gRate
001284f8 00000004 b hidRefCount
001284fc 00000004 b kDown
00128500 00000004 b kHeld
00128504 00000004 b kOld
00128508 00000004 b kUp
0012850c 00000004 b tPos
00128510 00000004 V __ctru_heap_size
00128514 0000000c b sAddrMap
00128520 00000008 b sVramPool
00128528 00000008 b sMappablePool
00128530 0000000c b sAddrMap
0012853c 00000008 b sLinearPool
00128544 0000000c b sAddrMap
00128550 00000004 b arbiter
00128554 00000001 V __ctru_speedup
00128558 00000004 b srvHandle
0012855c 00000004 b srvRefCount
00128560 00000004 b csPos
00128564 00000004 b irrstRefCount
00128568 00000004 b kHeld
0012856c 00000004 b srvPmHandle
00128570 00000004 b ptmSysmHandle
00128574 00000004 b ptmSysmRefCount
00128578 00000008 b sdmcArchive
00128580 00000001 b sdmcInitialised
00128588 00000080 b fsExemptArchives
00128608 00000004 b fsuHandle
0012860c 00000004 b fsuRefCount
00128610 00000028 B __malloc_current_mallinfo
00128638 00000004 B __malloc_max_sbrked_mem
0012863c 00000004 B __malloc_max_total_mem
00128640 00000004 B __malloc_top_pad
00128644 00000004 b heap_start.7420
00128648 00000004 B fake_heap_end
0012864c 00000004 B fake_heap_start
00128650 00000400 b temp_cwd
00128a50 00000048 B __syscalls
00128a98 0000004c B currentCopy
00128ae4 00000008 B gfxBottomFramebuffers
00128aec 00000004 B gspSharedMemHandle
00128af0 0000001c B bottomFramebufferInfo
00128b0c 00000004 B gspEvent
00128b10 00000008 B gfxTopLeftFramebuffers
00128b18 00000008 B gfxTopRightFramebuffers
00128b20 0000001c B topFramebufferInfo
00128b3c 00000001 B gfxThreadID
00128b40 00000004 B gfxSharedMemory
00128b44 00000004 B gfxTopFramebufferMaxSize
00128b48 00000004 B gfxBottomFramebufferMaxSize
00128b4c 00000004 B gxCmdBuf
00128b50 00000004 B gspGpuHandle
00128b54 00000004 B hidMemHandle
00128b58 00000004 B hidHandle
00128b5c 00000004 B hidSharedMem
00128b60 00000014 B hidEvents
00128b74 00000004 B __system_retAddr
00128b78 00000004 B __ctru_linear_heap
00128b7c 00000004 B __ctru_heap
00128b80 00000004 B __system_argv
00128b84 00000004 B __system_argc
00128b88 00000004 B irrstHandle
00128b8c 00000004 B irrstEvent
00128b90 00000004 B irrstMemHandle
00128b94 00000004 B irrstSharedMem
00128b98 B __tls_start
00129fa4 B __bss_end__
00129fa4 A __end__
00129fa4 B __tls_end
