         w __deregister_frame_info
         w __register_frame_info
         w _ITM_deregisterTMCloneTable
         w _ITM_registerTMCloneTable
00000000 b .LANCHOR1
00000000 00000401 b __fixedpath
00000000 b _TLS_MODULE_BASE_
00000000 a shift
00000404 b .LANCHOR3
00000404 00000802 b __utf16path
00000c08 b .LANCHOR5
00000c08 00000802 b __utf16path_old.8583
00100000 A __start__
00100000 T _start
00100008 T __service_ptr
0010000c T __apt_appid
00100010 T __heap_size
00100014 T __linear_heap_size
00100018 T __system_arglist
0010001c T __system_runflags
00100020 t startup
00100058 t ClearMem
0010006c t ClrLoop
00100094 T _init
001000ac T initSystem
001000f0 T __ctru_exit
00100110 t .udivsi3_skip_div0_test
00100110 T __aeabi_uidiv
00100110 000001ec T __udivsi3
001002fc 00000020 T __aeabi_uidivmod
0010031c 00000004 W __aeabi_idiv0
0010031c 00000004 W __aeabi_ldiv0
00100328 00000390 T strcmp
001006b0 t deregister_tm_clones
001006dc t register_tm_clones
00100714 t __do_global_dtors_aux
00100758 t frame_dummy
0010078c 000003e4 T main
00100b70 00000024 t addrMapNodeComparator(rbtree_node const*, rbtree_node const*)
00100b94 00000004 t addrMapNodeDestructor(rbtree_node*)
00100b98 00000124 T linearMemAlign
00100cbc 00000008 T linearAlloc
00100cc4 00000054 T linearFree
00100d18 0000008c T MemPool::CoalesceRight(MemBlock*)
00100da4 00000174 T MemPool::Allocate(MemChunk&, unsigned long, int)
00100f18 000000fc T MemPool::Deallocate(MemChunk const&)
00101014 0000008c t gfxSetFramebufferInfo.part.0
001010a0 0000006c t gfxSetFramebufferInfo
0010110c 00000058 t gfxGetFramebuffer.part.0
00101164 00000018 T __get_bytes_per_pixel
0010117c 00000184 T gfxSetScreenFormat
00101300 00000010 T gfxSetDoubleBuffering
00101310 00000214 T gfxInit
00101524 00000010 T gfxInitDefault
00101534 000000e0 T gfxExit
00101614 00000064 T gfxGetFramebuffer
00101678 000000cc T gfxFlushBuffers
00101744 000000f4 T gfxConfigScreen
00101838 00000020 T gfxSwapBuffers
00101858 00000074 T gspInit
001018cc 0000003c T gspExit
00101908 000000a4 T gspInitEventHandler
001019ac 00000040 T gspExitEventHandler
001019ec 00000050 T gspWaitForEvent
00101a3c 00000004 W gxCmdQueueInterrupt
00101a40 00000178 t gspEventThreadMain
00101bb8 0000006c T GSPGPU_SetBufferSwap
00101c24 0000004c T GSPGPU_FlushDataCache
00101c70 00000034 T GSPGPU_SetLcdForceBlack
00101ca4 00000064 T GSPGPU_RegisterInterruptRelayQueue
00101d08 0000002c T GSPGPU_UnregisterInterruptRelayQueue
00101d34 00000048 T GSPGPU_AcquireRight
00101d7c 0000002c T GSPGPU_ReleaseRight
00101da8 00000080 T GSPGPU_ImportDisplayCaptureInfo
00101e28 0000002c T GSPGPU_SaveVramSysArea
00101e54 0000002c T GSPGPU_RestoreVramSysArea
00101e80 000001d8 T csndInit
00102058 000000a0 T csndExit
001020f8 000000d8 T csndAddCmd
001021d0 000000b4 T csndExecCmds
00102284 0000025c T csndPlaySound
001024e0 00000004 W _aptDebug
001024e4 00000170 T aptSendCommand
00102654 0000003c t aptExitProcess
00102690 00000050 T APT_InquireNotification
001026e0 00000194 t aptEventHandler
00102874 00000074 T APT_AppletUtility
001028e8 000000b0 T aptSetSleepAllowed
00102998 000000b4 T APT_GlanceParameter
00102a4c 000000c8 T APT_ReceiveParameter
00102b14 000000bc t aptReceiveParameter.constprop.0
00102bd0 000001e0 t aptScreenTransfer
00102db0 00000210 t aptWaitForWakeUp
00102fc0 00000070 T APT_CancelParameter
00103030 0000025c T aptInit
0010328c 00000088 t aptClearParamQueue
00103314 00000264 T aptMainLoop
00103578 00000254 T aptExit
001037cc 0000007c T APT_CheckNew3DS
00103848 00000028 t hidCheckSectionUpdateTime.part.0
00103870 000000d0 T hidExit
00103940 000001d8 T hidScanInput
00103b18 00000010 T hidKeysDown
00103b28 00000018 T hidTouchRead
00103b40 00000090 T HIDUSER_GetHandles
00103bd0 000001a4 T hidInit
00103d74 00000014 T rbtree_init
00103d88 000001a4 t do_insert
00103f2c 00000008 T rbtree_insert
00103f34 00000090 T rbtree_rotate
00103fc4 00000334 T rbtree_remove
001042f8 00000074 T rbtree_find
0010436c 00000038 W __libctru_init
001043a4 00000034 t __libctru_nanosleep
001043d8 00000030 t __ctru_get_reent
00104408 000000fc T __system_initSyscalls
00104504 00000100 W __system_allocateHeaps
00104604 000000f0 T __system_initArgv
001046f4 T svcControlMemory
00104714 T svcExitProcess
0010471c T svcCreateThread
0010473c T svcExitThread
00104744 T svcSleepThread
0010474c T svcReleaseMutex
00104754 T svcCreateEvent
00104768 T svcSignalEvent
00104770 T svcClearEvent
00104778 T svcMapMemoryBlock
00104780 T svcUnmapMemoryBlock
00104788 T svcCreateAddressArbiter
0010479c T svcArbitrateAddress
001047b4 T svcCloseHandle
001047bc T svcWaitSynchronization
001047c4 T svcWaitSynchronizationN
001047ec T svcDuplicateHandle
00104800 T svcGetSystemTick
00104808 T svcGetSystemInfo
00104820 T svcConnectToPort
00104834 T svcSendSyncRequest
0010483c T svcBreak
00104844 00000024 t addrMapNodeComparator(rbtree_node const*, rbtree_node const*)
00104868 00000004 t addrMapNodeDestructor(rbtree_node*)
0010486c 00000114 T vramMemAlign
00104980 00000008 T vramAlloc
00104988 00000054 T vramFree
001049dc 00000024 t addrMapNodeComparator(rbtree_node const*, rbtree_node const*)
00104a00 00000004 t addrMapNodeDestructor(rbtree_node*)
00104a04 000000e8 T mappableAlloc
00104aec 00000054 T mappableFree
00104b40 00000038 t LightLock_Unlock.part.0
00104b78 0000000c T __sync_init
00104b84 00000018 T __sync_fini
00104b9c 00000010 T __sync_get_arbiter
00104bac 00000018 T LightLock_Init
00104bc4 00000090 T LightLock_Lock
00104c54 00000034 T LightLock_TryLock
00104c88 00000020 T LightLock_Unlock
00104ca8 00000024 T RecursiveLock_Init
00104ccc 00000030 T RecursiveLock_Lock
00104cfc 00000058 T RecursiveLock_TryLock
00104d54 00000038 T RecursiveLock_Unlock
00104d8c 00000038 T LightEvent_Init
00104dc4 0000007c T LightEvent_Clear
00104e40 000000dc T LightEvent_Signal
00104f1c 000000c0 T LightEvent_Wait
00104fdc 00000058 t getSysTime
00105034 00000028 t __ctru_speedup_config.part.0
0010505c 0000004c T osConvertVirtToPhys
001050a8 00000024 T osGetMemRegionUsed
001050d0 00000128 T __libctru_gtod
001051f8 00000018 T __ctru_speedup_config
00105210 00000058 T srvExit
00105268 00000038 T srvRegisterClient
001052a0 000000cc T srvInit
0010536c 00000080 T srvGetServiceHandleDirect
001053ec 00000048 T srvGetServiceHandle
00105434 0000001c t threadFree.part.0
00105450 00000180 T threadCreate
001055d0 00000024 T threadJoin
001055f4 00000068 T threadExit
0010565c 00000048 t _thread_begin
001056a4 000000ac T irrstScanInput
00105750 00000024 T irrstKeysHeld
00105774 00000050 T IRRST_GetHandles
001057c4 00000154 T irrstInit
00105918 0000002c T IRRST_Shutdown
00105944 000000ac T irrstExit
001059f0 0000000c T srvPmGetSessionHandle
001059fc 00000074 T ptmSysmInit
00105a70 0000003c T ptmSysmExit
00105aac 00000034 T PTMSYSM_ConfigureNew3DSCPU
00105ae0 00000050 T rbtree_node_next
00105b30 0000001c W __appInit
00105b4c 0000001c W __appExit
00105b68 000000a0 W __libctru_exit
00105c08 00000084 T envGetHandle
00105c8c 0000004c T envDestroyHandles
00105cd8 00000014 t sdmc_link
00105cec 00000014 t sdmc_dirreset
00105d00 00000014 t sdmc_chmod
00105d14 00000024 t error_cmp
00105d38 00000050 t sdmc_translate_error
00105d88 00000034 t sdmc_fsync
00105dbc 00000054 t sdmc_ftruncate
00105e10 000000bc t sdmc_statvfs
00105ecc 00000038 t sdmc_dirclose
00105f04 0000013c t sdmc_dirnext
00106040 00000034 t sdmc_close
00106074 00000070 t sdmc_fstat
001060e4 000000d4 t sdmc_seek
001061b8 00000078 t sdmc_read
00106230 000000ac t sdmc_write
001062dc 000001b0 t sdmc_utf16path
0010648c 00000074 t sdmc_rmdir
00106500 000000a4 t sdmc_diropen
001065a4 000000ac t sdmc_chdir
00106650 00000098 t sdmc_mkdir
001066e8 00000108 t sdmc_rename
001067f0 00000074 t sdmc_unlink
00106864 00000108 t sdmc_stat
0010696c 00000198 t sdmc_open
00106b04 00000014 t sdmc_fchmod
00106b18 00000168 T sdmcInit
00106c80 00000060 T sdmcExit
00106ce0 00000028 t fsSessionForArchive.part.0
00106d08 000000c4 T fsInit
00106dcc 0000003c T fsExit
00106e08 00000064 T fsExemptFromSession
00106e6c 0000005c T fsUnexemptFromSession
00106ec8 000000bc T FSUSER_OpenFile
00106f84 000000ac T FSUSER_DeleteFile
00107030 000000e8 T FSUSER_RenameFile
00107118 000000ac T FSUSER_DeleteDirectory
001071c4 000000c4 T FSUSER_CreateFile
00107288 000000b4 T FSUSER_CreateDirectory
0010733c 000000e8 T FSUSER_RenameDirectory
00107424 000000a0 T FSUSER_OpenDirectory
001074c4 00000098 T FSUSER_OpenArchive
0010755c 00000078 T FSUSER_CloseArchive
001075d4 00000078 T FSUSER_GetSdmcArchiveResource
0010764c 00000064 T FSUSER_IsSdmcWritable
001076b0 0000005c T FSFILE_Read
0010770c 00000064 T FSFILE_Write
00107770 00000038 T FSFILE_GetSize
001077a8 00000028 T FSFILE_SetSize
001077d0 0000003c T FSFILE_Close
0010780c 00000024 T FSFILE_Flush
00107830 00000054 T FSDIR_Read
00107884 0000003c T FSDIR_Close
001078c0 000000e8 T utf16_to_utf8
001079a8 00000060 T decode_utf16
00107a08 00000138 T decode_utf8
00107b40 000000c0 T utf8_to_utf16
00107c00 T __aeabi_read_tp
00107c0c 00000068 T encode_utf16
00107c74 00000104 T encode_utf8
00107d78 00000038 T __aeabi_d2lz
00107d78 00000038 T __fixdfdi
00107db0 00000040 T __aeabi_d2ulz
00107db0 00000040 T __fixunsdfdi
00107df0 0000007c T bsearch
00107e6c 0000000c T __errno
00107e78 00000034 T exit
00107eac 00000160 T _fclose_r
0010800c 00000020 T fclose
0010802c 00000278 T __sflush_r
001082a4 00000094 T _fflush_r
00108338 00000038 T fflush
00108370 00000078 t std
001083e8 0000000c T _cleanup_r
001083f4 00000048 T __sfmoreglue
0010843c 0000008c T __sinit
001084c8 0000010c T __sfp
001085d4 0000000c T __sfp_lock_acquire
001085e0 0000000c T __sfp_lock_release
001085ec 0000003c T __libc_fini_array
00108628 00000138 T _fopen_r
00108760 00000028 T fopen
00108788 000002e0 T _fread_r
00108a68 00000038 T fread
00108aa0 000000f8 T _malloc_trim_r
00108b98 000002e8 T _free_r
00108e80 00000020 T _fseek_r
00108ea0 00000034 T fseek
00108ed4 000005ac T _fseeko_r
00109480 00000040 T ftell
001094c0 000001bc T _ftello_r
0010967c 00000068 T _fwalk
001096e4 00000070 T _fwalk_reent
00109754 0000007c T __libc_init_array
001097d0 00000094 T __swhatbuf_r
00109864 000000f8 T __smakebuf_r
0010995c 00000028 T memalign
00109984 0000014c T _memalign_r
00109ad0 00000020 T malloc
00109af0 00000020 T free
00109b10 000007d0 T _malloc_r
0010a2e0 00000120 T memcpy
0010a400 00000118 T memset
0010a518 0000000c T __malloc_lock
0010a524 0000000c T __malloc_unlock
0010a530 0000001c t lflush
0010a54c 000001ac T __srefill_r
0010a6f8 0000003c T __sread
0010a734 00000068 T __swrite
0010a79c 00000058 T __sseek
0010a7f4 00000008 T __sclose
0010a7fc 0000005c T strlen
0010a858 00000098 T strncat
0010a8f0 000000c0 T strncpy
0010a9b0 00000048 T strnlen
0010a9f8 00000118 T __call_exitprocs
0010ab10 000000c8 T __sflags
0010abd8 00000008 t null_write
0010abe0 00000018 T setDefaultDevice
0010abf8 000000c8 T FindDevice
0010acc0 00000028 T RemoveDevice
0010ace8 0000009c T AddDevice
0010ad84 00000078 T _fstat_r
0010adfc 00000008 T _isatty_r
0010ae04 00000084 T _lseek_r
0010ae88 000000c4 T _open_r
0010af4c 00000080 T _read_r
0010afcc 00000078 T _sbrk_r
0010b044 00000080 T _write_r
0010b0c4 00000024 T _exit
0010b0e8 000001bc T _concatenate_path
0010b2a4 0000015c T chdir
0010b400 00000008 T __flockfile
0010b408 00000008 T __funlockfile
0010b410 00000018 T __libc_lock_acquire
0010b428 00000018 T __libc_lock_release
0010b440 00000018 T __libc_lock_init_recursive
0010b458 00000018 T __libc_lock_acquire_recursive
0010b470 00000018 T __libc_lock_release_recursive
0010b488 00000018 T __libc_lock_close_recursive
0010b4a0 0000008c T __release_handle
0010b52c 000000b4 T __alloc_handle
0010b5e0 0000003c T __get_handle
0010b61c 000000f8 T _close_r
0010b714 00000028 T __getreent
0010b73c 00000144 T strchr
0010b880 000000ec T strncmp
0010b96c 00000044 T strrchr
0010b9b0 T _fini
0010c000 R top_screen_bgr
00152500 R top_screen_bgr_end
00152500 R top_screen_bgr_size
00152504 R bottom_screen_bgr
0018a904 R bottom_screen_bgr_end
0018a904 R bottom_screen_bgr_size
0018a95c 00000014 r CSWTCH.62
0018a970 00000008 r framebufferInfoSt
0018a9ec 00000030 r error_table
0018aa24 00000004 R _global_impure_ptr
0018aa30 00000070 R dotab_stdnull
0018aaa0 00000101 R _ctype_
0018aba4 r 
0018aba4 R __exidx_end
0018aba4 R __exidx_start
0018b000 W __stacksize__
0018b004 00000001 d botFormat
0018b008 00000008 d doubleBuf
0018b010 00000001 d topFormat
0018b014 00000004 d gspLastEvent
0018b018 00000004 d aptFlags
0018b01c 00000001 d aptHomeAllowed
0018b020 00000004 V __ctru_linear_heap_size
0018b024 00000401 d __cwd
0018b428 00000070 d sdmc_devoptab
0018b498 0000000c d __sfp_recursive_mutex
0018b4a4 0000000c d __sinit_recursive_mutex
0018b4b0 00000004 D _impure_ptr
0018b4b8 00000460 d impure_data
0018b918 00000408 D __malloc_av_
0018bd20 00000004 D __malloc_sbrk_base
0018bd24 00000004 D __malloc_trim_threshold
0018bd28 0000000c d __malloc_recursive_mutex
0018bd34 0000000c D __atexit_recursive_mutex
0018bd40 00000004 d defaultDevice
0018bd44 0000008c D devoptab_list
0018bdd0 00000400 d _current_working_directory
0018c1d0 00000004 d __hndl_lock
0018c1d4 0000000c d __stderr_handle
0018c1e0 0000000c d __stdin_handle
0018c1ec 0000000c d __stdout_handle
0018c1f8 00001000 d handles
0018d1f8 t __frame_dummy_init_array_entry
0018d1f8 T __init_array_start
0018d1f8 B __preinit_array_end
0018d1f8 B __preinit_array_start
0018d1f8 D __tdata_lma
0018d1f8 D __tdata_lma_end
0018d1f8 D __TMC_END__
0018d1f8 d __TMC_LIST__
0018d1fc t __do_global_dtors_aux_fini_array_entry
0018d1fc T __fini_array_start
0018d1fc T __init_array_end
0018d200 T __bss_start__
0018d200 T __fini_array_end
0018d200 b saved_stack
0018d208 b completed.10434
0018d20c b object.10439
0018d224 00000008 b sLinearPool
0018d22c 0000000c b sAddrMap
0018d238 00000002 b currentBuffer
0018d23a 00000001 b enable3d
0018d23c 00000004 b screenAlloc
0018d240 00000004 b screenFree
0018d244 00000004 b gspEvent
0018d248 0000001c b gspEventCb
0018d264 0000001c b gspEventCbData
0018d280 00000007 b gspEventCbOneShot
0018d288 0000001c b gspEventCounts
0018d2a4 00000004 b gspEventData
0018d2a8 00000004 b gspEventThread
0018d2ac 00000038 b gspEvents
0018d2e4 00000004 b gspRefCount
0018d2e8 00000001 b gspRunEvents
0018d2ec 00000004 b csndCmdCurOff
0018d2f0 00000004 b csndCmdStartOff
0018d2f4 00000004 b csndHandle
0018d2f8 00000004 b csndMutex
0018d2fc 00000004 b csndRefCount
0018d300 00000004 b csndSharedMemBlock
0018d304 00000001 b aptChainloadMediatype
0018d308 00000008 b aptChainloadTid
0018d310 00000004 b aptEventHandlerThread
0018d314 0000000c b aptEvents
0018d320 0000000c b aptFirstHook
0018d32c 00000001 b aptHomeButtonState
0018d330 00000004 b aptLockHandle
0018d334 00000004 b aptMessageFunc
0018d338 00000004 b aptMessageFuncData
0018d33c 00001000 b aptParameters
0018e33c 00000001 b aptRecentHomeButtonState
0018e340 00000004 b aptRefCount
0018e344 00000008 b aptSleepEvent
0018e34c 00000001 b flagInit.8300
0018e34d 00000001 b flagValue.8301
0018e350 00000004 b serviceName.7930
0018e354 00000006 b aVec
0018e35c 00000004 b cPos
0018e360 00000006 b gRate
0018e368 00000004 b hidRefCount
0018e36c 00000004 b kDown
0018e370 00000004 b kHeld
0018e374 00000004 b kOld
0018e378 00000004 b kUp
0018e37c 00000004 b tPos
0018e380 00000004 V __ctru_heap_size
0018e384 0000000c b sAddrMap
0018e390 00000008 b sVramPool
0018e398 00000008 b sMappablePool
0018e3a0 0000000c b sAddrMap
0018e3ac 00000004 b arbiter
0018e3b0 00000001 V __ctru_speedup
0018e3b4 00000004 b srvHandle
0018e3b8 00000004 b srvRefCount
0018e3bc 00000004 b csPos
0018e3c0 00000004 b irrstRefCount
0018e3c4 00000004 b kHeld
0018e3c8 00000004 b srvPmHandle
0018e3cc 00000004 b ptmSysmHandle
0018e3d0 00000004 b ptmSysmRefCount
0018e3d8 00000008 b sdmcArchive
0018e3e0 00000001 b sdmcInitialised
0018e3e8 00000080 b fsExemptArchives
0018e468 00000004 b fsuHandle
0018e46c 00000004 b fsuRefCount
0018e470 00000028 B __malloc_current_mallinfo
0018e498 00000004 B __malloc_max_sbrked_mem
0018e49c 00000004 B __malloc_max_total_mem
0018e4a0 00000004 B __malloc_top_pad
0018e4a4 00000004 b heap_start.7420
0018e4a8 00000004 B fake_heap_end
0018e4ac 00000004 B fake_heap_start
0018e4b0 00000400 b temp_cwd
0018e8b0 00000048 B __syscalls
0018e8f8 00000004 B buffer_para_som_leao
0018e8fc 00000004 B buffer_para_som_pikachu
0018e900 00000004 B buffer_para_som_gato
0018e904 00000004 B buffer_para_som_cachorro
0018e908 00000008 B gfxBottomFramebuffers
0018e910 00000004 B gspSharedMemHandle
0018e914 0000001c B bottomFramebufferInfo
0018e930 00000004 B gspEvent
0018e934 00000008 B gfxTopLeftFramebuffers
0018e93c 00000008 B gfxTopRightFramebuffers
0018e944 0000001c B topFramebufferInfo
0018e960 00000001 B gfxThreadID
0018e964 00000004 B gfxSharedMemory
0018e968 00000004 B gfxTopFramebufferMaxSize
0018e96c 00000004 B gfxBottomFramebufferMaxSize
0018e970 00000004 B gxCmdBuf
0018e974 00000004 B gspGpuHandle
0018e978 00000004 B csndSharedMemSize
0018e97c 00000010 B csndOffsets
0018e98c 00000004 B csndChannels
0018e990 00000004 B csndSharedMem
0018e994 00000004 B hidMemHandle
0018e998 00000004 B hidHandle
0018e99c 00000004 B hidSharedMem
0018e9a0 00000014 B hidEvents
0018e9b4 00000004 B __system_retAddr
0018e9b8 00000004 B __ctru_linear_heap
0018e9bc 00000004 B __ctru_heap
0018e9c0 00000004 B __system_argv
0018e9c4 00000004 B __system_argc
0018e9c8 00000004 B irrstHandle
0018e9cc 00000004 B irrstEvent
0018e9d0 00000004 B irrstMemHandle
0018e9d4 00000004 B irrstSharedMem
0018e9d8 B __tls_start
0018fde4 B __bss_end__
0018fde4 A __end__
0018fde4 B __tls_end
